2021-03-18 10:11:21,551 INFO PERFORMANCE:|0|0|-1|-1

2021-03-18 10:16:21,551 INFO PERFORMANCE:|0|0|-1|-1

2021-03-18 10:21:21,553 INFO PERFORMANCE:|0|0|-1|-1

2021-03-18 10:26:21,555 INFO PERFORMANCE:|0|0|-1|-1

2021-03-18 10:31:21,574 INFO PERFORMANCE:|2|1|-1|-1

2021-03-18 10:36:21,577 INFO PERFORMANCE:|1|1|-1|-1

2021-03-18 10:41:21,578 INFO PERFORMANCE:|1|1|-1|-1

2021-03-18 10:46:21,587 INFO PERFORMANCE:|1|1|-1|-1

2021-03-18 10:51:21,588 INFO PERFORMANCE:|1|1|-1|-1

2021-03-18 10:56:21,690 INFO PERFORMANCE:|1|1|-1|-1

2021-03-18 11:01:21,718 INFO PERFORMANCE:|1|1|-1|-1

2021-03-18 11:06:21,732 INFO PERFORMANCE:|1|1|-1|-1

2021-03-18 11:11:21,733 INFO PERFORMANCE:|1|1|-1|-1

2021-03-18 11:16:21,848 INFO PERFORMANCE:|1|1|-1|-1

2021-03-18 11:21:21,850 INFO PERFORMANCE:|1|0|-1|-1

2021-03-18 11:26:21,851 INFO PERFORMANCE:|0|0|-1|-1

2021-03-18 11:31:21,852 INFO PERFORMANCE:|0|0|-1|-1

2021-03-18 11:36:21,854 INFO PERFORMANCE:|0|0|-1|-1

2021-03-18 11:41:21,860 INFO PERFORMANCE:|0|0|-1|-1

2021-03-18 11:46:21,861 INFO PERFORMANCE:|0|0|-1|-1

2021-03-18 11:51:21,889 INFO PERFORMANCE:|0|0|-1|-1

2021-03-18 11:56:21,897 INFO PERFORMANCE:|0|0|-1|-1

2021-03-18 12:01:21,898 INFO PERFORMANCE:|0|0|-1|-1

2021-03-18 12:06:21,913 INFO PERFORMANCE:|0|0|-1|-1

2021-03-18 12:11:21,914 INFO PERFORMANCE:|0|0|-1|-1

2021-03-18 12:16:21,927 INFO PERFORMANCE:|0|0|-1|-1

2021-03-18 12:21:21,939 INFO PERFORMANCE:|0|0|-1|-1

2021-03-18 12:26:21,940 INFO PERFORMANCE:|0|0|-1|-1

2021-03-18 12:31:22,983 INFO PERFORMANCE:|0|0|-1|-1

2021-03-18 12:36:22,985 INFO PERFORMANCE:|0|0|-1|-1

2021-03-18 12:41:23,088 INFO PERFORMANCE:|0|0|-1|-1

2021-03-18 12:46:23,089 INFO PERFORMANCE:|0|0|-1|-1

2021-03-18 12:51:23,105 INFO PERFORMANCE:|0|0|-1|-1

2021-03-18 12:56:23,974 INFO PERFORMANCE:|0|0|-1|-1

2021-03-18 13:01:23,976 INFO PERFORMANCE:|0|0|-1|-1

2021-03-18 13:06:23,999 INFO PERFORMANCE:|0|0|-1|-1

2021-03-18 13:11:24,000 INFO PERFORMANCE:|0|0|-1|-1

2021-03-18 13:16:24,016 INFO PERFORMANCE:|0|0|-1|-1

2021-03-18 13:21:24,017 INFO PERFORMANCE:|0|0|-1|-1

2021-03-18 13:26:24,019 INFO PERFORMANCE:|0|0|-1|-1

2021-03-18 13:31:24,029 INFO PERFORMANCE:|0|0|-1|-1

2021-03-18 13:36:24,031 INFO PERFORMANCE:|0|0|-1|-1

2021-03-18 13:41:24,033 INFO PERFORMANCE:|0|0|-1|-1

2021-03-18 13:46:24,035 INFO PERFORMANCE:|0|0|-1|-1

2021-03-18 13:51:24,049 INFO PERFORMANCE:|0|0|-1|-1

2021-03-18 13:56:24,050 INFO PERFORMANCE:|0|0|-1|-1

2021-03-18 14:01:24,052 INFO PERFORMANCE:|0|0|-1|-1

2021-03-18 14:06:24,054 INFO PERFORMANCE:|0|0|-1|-1

2021-03-18 14:11:24,054 INFO PERFORMANCE:|0|0|-1|-1

2021-03-18 14:16:24,055 INFO PERFORMANCE:|0|0|-1|-1

2021-03-18 14:21:24,056 INFO PERFORMANCE:|0|0|-1|-1

2021-03-18 14:26:24,057 INFO PERFORMANCE:|0|0|-1|-1

2021-03-18 14:31:24,059 INFO PERFORMANCE:|0|0|-1|-1

2021-03-18 14:36:24,061 INFO PERFORMANCE:|0|0|-1|-1

2021-03-18 14:41:24,063 INFO PERFORMANCE:|0|0|-1|-1

2021-03-18 14:46:24,072 INFO PERFORMANCE:|0|0|-1|-1

2021-03-18 14:51:24,074 INFO PERFORMANCE:|0|0|-1|-1

2021-03-18 14:56:24,076 INFO PERFORMANCE:|0|0|-1|-1

2021-03-18 15:01:24,076 INFO PERFORMANCE:|0|0|-1|-1

2021-03-18 15:06:24,078 INFO PERFORMANCE:|0|0|-1|-1

2021-03-18 15:11:24,080 INFO PERFORMANCE:|0|0|-1|-1

2021-03-18 15:16:24,082 INFO PERFORMANCE:|0|0|-1|-1

2021-03-18 15:21:24,083 INFO PERFORMANCE:|0|0|-1|-1

2021-03-18 15:26:24,084 INFO PERFORMANCE:|0|0|-1|-1

2021-03-18 15:31:24,085 INFO PERFORMANCE:|0|0|-1|-1

2021-03-18 15:36:24,087 INFO PERFORMANCE:|0|0|-1|-1

2021-03-18 15:41:24,088 INFO PERFORMANCE:|0|0|-1|-1

2021-03-18 15:46:24,129 INFO PERFORMANCE:|0|0|-1|-1

2021-03-18 15:51:24,131 INFO PERFORMANCE:|0|0|-1|-1

2021-03-18 15:56:24,132 INFO PERFORMANCE:|0|0|-1|-1

2021-03-18 16:01:24,169 INFO PERFORMANCE:|0|0|-1|-1

2021-03-18 16:06:24,171 INFO PERFORMANCE:|0|0|-1|-1

2021-03-18 16:11:24,216 INFO PERFORMANCE:|0|0|-1|-1

2021-03-18 16:16:24,217 INFO PERFORMANCE:|0|0|-1|-1

2021-03-18 16:21:24,219 INFO PERFORMANCE:|0|0|-1|-1

2021-03-18 16:26:24,248 INFO PERFORMANCE:|0|0|-1|-1

2021-03-18 16:31:24,249 INFO PERFORMANCE:|0|0|-1|-1

2021-03-18 16:36:24,250 INFO PERFORMANCE:|0|0|-1|-1

2021-03-18 16:41:24,251 INFO PERFORMANCE:|0|0|-1|-1

2021-03-18 16:46:24,253 INFO PERFORMANCE:|0|0|-1|-1

2021-03-18 16:51:24,254 INFO PERFORMANCE:|0|0|-1|-1

2021-03-18 16:56:24,256 INFO PERFORMANCE:|0|0|-1|-1

2021-03-18 17:01:24,258 INFO PERFORMANCE:|0|0|-1|-1

2021-03-18 17:06:24,259 INFO PERFORMANCE:|0|0|-1|-1

2021-03-18 17:11:24,261 INFO PERFORMANCE:|0|0|-1|-1

2021-03-18 17:16:24,262 INFO PERFORMANCE:|0|0|-1|-1

2021-03-18 17:21:24,263 INFO PERFORMANCE:|0|0|-1|-1

2021-03-18 17:26:24,273 INFO PERFORMANCE:|0|0|-1|-1

2021-03-18 17:31:24,274 INFO PERFORMANCE:|0|0|-1|-1

2021-03-18 17:36:24,274 INFO PERFORMANCE:|0|0|-1|-1

2021-03-18 17:41:24,276 INFO PERFORMANCE:|0|0|-1|-1

2021-03-18 17:46:24,277 INFO PERFORMANCE:|0|0|-1|-1

2021-03-18 17:51:24,278 INFO PERFORMANCE:|0|0|-1|-1

2021-03-18 17:56:24,279 INFO PERFORMANCE:|0|0|-1|-1

2021-03-18 18:01:24,280 INFO PERFORMANCE:|0|0|-1|-1

